<?xml version="1.0" encoding="UTF-8"?>
<testng-results ignored="0" total="1" passed="1" failed="0" skipped="0">
  <reporter-output>
  </reporter-output>
  <suite started-at="2023-10-11T11:28:39 IST" name="Default suite" finished-at="2023-10-11T11:29:31 IST" duration-ms="52455">
    <groups>
    </groups>
    <test started-at="2023-10-11T11:28:39 IST" name="Default test" finished-at="2023-10-11T11:29:31 IST" duration-ms="52455">
      <class name="com.Equarz.Testcases.AddressTest">
        <test-method is-config="true" signature="initialise()[pri:0, instance:com.Equarz.Testcases.AddressTest@139982de]" started-at="2023-10-11T11:28:39 IST" name="initialise" finished-at="2023-10-11T11:29:18 IST" duration-ms="39242" status="PASS">
          <reporter-output>
          </reporter-output>
        </test-method> <!-- initialise -->
        <test-method signature="address1(java.lang.String,java.lang.String,java.lang.String,java.lang.String,java.lang.String)[pri:1, instance:com.Equarz.Testcases.AddressTest@139982de]" started-at="2023-10-11T11:29:19 IST" name="address1" data-provider="setdata1" finished-at="2023-10-11T11:29:31 IST" duration-ms="12035" status="PASS">
          <params>
            <param index="0">
              <value>
                <![CDATA[niharika]]>
              </value>
            </param>
            <param index="1">
              <value>
                <![CDATA[6300313272]]>
              </value>
            </param>
            <param index="2">
              <value>
                <![CDATA[vinukonda]]>
              </value>
            </param>
            <param index="3">
              <value>
                <![CDATA[522647]]>
              </value>
            </param>
            <param index="4">
              <value>
                <![CDATA[main bazar,vinukonda]]>
              </value>
            </param>
          </params>
          <reporter-output>
          </reporter-output>
        </test-method> <!-- address1 -->
      </class> <!-- com.Equarz.Testcases.AddressTest -->
    </test> <!-- Default test -->
  </suite> <!-- Default suite -->
</testng-results>
