<?xml version="1.0" encoding="UTF-8"?>
<testng-results ignored="0" total="2" passed="2" failed="0" skipped="0">
  <reporter-output>
  </reporter-output>
  <suite started-at="2023-09-21T17:44:40 IST" name="Default suite" finished-at="2023-09-21T17:44:57 IST" duration-ms="17746">
    <groups>
    </groups>
    <test started-at="2023-09-21T17:44:40 IST" name="Default test" finished-at="2023-09-21T17:44:57 IST" duration-ms="17746">
      <class name="com.Equarz.Testcases.SignupTest">
        <test-method is-config="true" signature="initialization()[pri:0, instance:com.Equarz.Testcases.SignupTest@55182842]" started-at="2023-09-21T17:44:40 IST" name="initialization" finished-at="2023-09-21T17:44:46 IST" duration-ms="6303" status="PASS">
          <reporter-output>
          </reporter-output>
        </test-method> <!-- initialization -->
        <test-method signature="Givenurl()[pri:1, instance:com.Equarz.Testcases.SignupTest@55182842]" started-at="2023-09-21T17:44:46 IST" name="Givenurl" finished-at="2023-09-21T17:44:46 IST" duration-ms="19" status="PASS">
          <reporter-output>
          </reporter-output>
        </test-method> <!-- Givenurl -->
        <test-method is-config="true" signature="shutdown()[pri:0, instance:com.Equarz.Testcases.SignupTest@55182842]" started-at="2023-09-21T17:44:46 IST" name="shutdown" finished-at="2023-09-21T17:44:46 IST" duration-ms="424" status="PASS">
          <reporter-output>
          </reporter-output>
        </test-method> <!-- shutdown -->
        <test-method is-config="true" signature="initialization()[pri:0, instance:com.Equarz.Testcases.SignupTest@55182842]" started-at="2023-09-21T17:44:48 IST" name="initialization" finished-at="2023-09-21T17:44:52 IST" duration-ms="3851" status="PASS">
          <reporter-output>
          </reporter-output>
        </test-method> <!-- initialization -->
        <test-method signature="Registration(java.lang.String,java.lang.String,java.lang.String,java.lang.String,java.lang.String,java.lang.String)[pri:2, instance:com.Equarz.Testcases.SignupTest@55182842]" started-at="2023-09-21T17:44:52 IST" name="Registration" data-provider="setdata" finished-at="2023-09-21T17:44:57 IST" duration-ms="4705" status="PASS">
          <params>
            <param index="0">
              <value>
                <![CDATA[sannidhi]]>
              </value>
            </param>
            <param index="1">
              <value>
                <![CDATA[niharika]]>
              </value>
            </param>
            <param index="2">
              <value>
                <![CDATA[sannidhibabaniharika92.marolix@gmail.com]]>
              </value>
            </param>
            <param index="3">
              <value>
                <![CDATA[63003132]]>
              </value>
            </param>
            <param index="4">
              <value>
                <![CDATA[Niha@123]]>
              </value>
            </param>
            <param index="5">
              <value>
                <![CDATA[Niha@123]]>
              </value>
            </param>
          </params>
          <reporter-output>
          </reporter-output>
        </test-method> <!-- Registration -->
        <test-method is-config="true" signature="shutdown()[pri:0, instance:com.Equarz.Testcases.SignupTest@55182842]" started-at="2023-09-21T17:44:57 IST" name="shutdown" finished-at="2023-09-21T17:44:57 IST" duration-ms="420" status="PASS">
          <reporter-output>
          </reporter-output>
        </test-method> <!-- shutdown -->
      </class> <!-- com.Equarz.Testcases.SignupTest -->
    </test> <!-- Default test -->
  </suite> <!-- Default suite -->
</testng-results>
