<?xml version="1.0" encoding="UTF-8"?>
<!-- Generated by org.testng.reporters.JUnitXMLReporter -->
<testsuite ignored="6" hostname="DESKTOP-L8D6NFS" failures="0" tests="1" name="Default test" time="48.295" errors="0" timestamp="2023-09-22T16:59:25 IST">
  <testcase classname="com.Equarz.Testcases.WishList" name="removewishlist" time="21.031"/>
  <testcase classname="com.Equarz.Testcases.WishList" name="footerwish" time="0.0">
    <ignored/>
  </testcase> <!-- footerwish -->
  <testcase classname="com.Equarz.Testcases.WishList" name="dealofdaywish" time="0.0">
    <ignored/>
  </testcase> <!-- dealofdaywish -->
  <testcase classname="com.Equarz.Testcases.WishList" name="categwish" time="0.0">
    <ignored/>
  </testcase> <!-- categwish -->
  <testcase classname="com.Equarz.Testcases.WishList" name="banerwish" time="0.0">
    <ignored/>
  </testcase> <!-- banerwish -->
  <testcase classname="com.Equarz.Testcases.WishList" name="homepagewish" time="0.0">
    <ignored/>
  </testcase> <!-- homepagewish -->
  <testcase classname="com.Equarz.Testcases.WishList" name="searchwish" time="0.0">
    <ignored/>
  </testcase> <!-- searchwish -->
</testsuite> <!-- Default test -->
